#
# There is insufficient memory for the Java Runtime Environment to continue.
# Native memory allocation (malloc) failed to allocate 244128 bytes for Chunk::new
# Possible reasons:
#   The system is out of physical RAM or swap space
#   The process is running with CompressedOops enabled, and the Java Heap may be blocking the growth of the native heap
# Possible solutions:
#   Reduce memory load on the system
#   Increase physical memory or swap space
#   Check if swap backing store is full
#   Decrease Java heap size (-Xmx/-Xms)
#   Decrease number of Java threads
#   Decrease Java thread stack sizes (-Xss)
#   Set larger code cache with -XX:ReservedCodeCacheSize=
#   JVM is running with Zero Based Compressed Oops mode in which the Java heap is
#     placed in the first 32GB address space. The Java Heap base address is the
#     maximum limit for the native heap growth. Please use -XX:HeapBaseMinAddress
#     to set the Java Heap base and to place the Java Heap above 32GB virtual address.
# This output file may be truncated or incomplete.
#
#  Out of Memory Error (arena.cpp:189), pid=65844, tid=19736
#
# JRE version: OpenJDK Runtime Environment 21.9 (17.0.3+6) (build 17.0.3+6-LTS)
# Java VM: OpenJDK 64-Bit Server VM 21.9 (17.0.3+6-LTS, mixed mode, sharing, tiered, compressed oops, compressed class ptrs, g1 gc, windows-amd64)
# No core dump will be written. Minidumps are not enabled by default on client versions of Windows
#

---------------  S U M M A R Y ------------

Command Line: -Dorg.jetbrains.run.directory=C:\Users\manish.47.kumar\IdeaProjects\BDDCucumberPractice\src\test\java -javaagent:C:\Program Files\JetBrains\IntelliJ IDEA Community Edition 2025.1.1.1\lib\idea_rt.jar=51738 -Dfile.encoding=UTF-8 io.cucumber.core.cli.Main --plugin org.jetbrains.plugins.cucumber.java.run.CucumberJvm5SMFormatter --name ^Testing valid login to OracleHRM$ C:/Users/manish.47.kumar/IdeaProjects/BDDCucumberPractice/src/test/java/Demo.feature

Host: Intel(R) Core(TM) Ultra 7 155U, 14 cores, 15G,  Windows 11 , 64 bit Build 26100 (10.0.26100.3775)
Time: Mon Jul 21 11:54:49 2025 India Standard Time elapsed time: 9.993401 seconds (0d 0h 0m 9s)

---------------  T H R E A D  ---------------

Current thread (0x00000209eac1a790):  JavaThread "C2 CompilerThread0" daemon [_thread_in_native, id=19736, stack(0x000000f669e00000,0x000000f669f00000)]


Current CompileTask:
C2:   9993 1573       4       jdk.internal.loader.URLClassPath::getResource (74 bytes)

Stack: [0x000000f669e00000,0x000000f669f00000]
Native frames: (J=compiled Java code, j=interpreted, Vv=VM code, C=native code)
V  [jvm.dll+0x67720a]
V  [jvm.dll+0x832514]
V  [jvm.dll+0x833cbe]
V  [jvm.dll+0x834323]
V  [jvm.dll+0x245815]
V  [jvm.dll+0xabf1b]
V  [jvm.dll+0xac4ac]
V  [jvm.dll+0x363a07]
V  [jvm.dll+0x1bba45]
V  [jvm.dll+0x2188c9]
V  [jvm.dll+0x217b91]
V  [jvm.dll+0x1a400d]
V  [jvm.dll+0x227508]
V  [jvm.dll+0x22565c]
V  [jvm.dll+0x7e7d5c]
V  [jvm.dll+0x7e230a]
V  [jvm.dll+0x676095]
C  [ucrtbase.dll+0x37b0]
C  [KERNEL32.DLL+0x2e8d7]
C  [ntdll.dll+0xb14fc]


---------------  P R O C E S S  ---------------

Threads class SMR info:
_java_thread_list=0x00000209ef48dfd0, length=14, elements={
0x00000209c6e25a50, 0x00000209eac03560, 0x00000209eac04f20, 0x00000209eac14b00,
0x00000209eac170d0, 0x00000209eac18200, 0x00000209eac19330, 0x00000209eac1a790,
0x00000209eac1eeb0, 0x00000209eac20f40, 0x00000209ea036ce0, 0x00000209eb02be20,
0x00000209eb02c2f0, 0x00000209eb192d30
}

Java Threads: ( => current thread )
  0x00000209c6e25a50 JavaThread "main" [_thread_in_Java, id=47224, stack(0x000000f669100000,0x000000f669200000)]
  0x00000209eac03560 JavaThread "Reference Handler" daemon [_thread_blocked, id=14396, stack(0x000000f669800000,0x000000f669900000)]
  0x00000209eac04f20 JavaThread "Finalizer" daemon [_thread_blocked, id=51568, stack(0x000000f669900000,0x000000f669a00000)]
  0x00000209eac14b00 JavaThread "Signal Dispatcher" daemon [_thread_blocked, id=66412, stack(0x000000f669a00000,0x000000f669b00000)]
  0x00000209eac170d0 JavaThread "Attach Listener" daemon [_thread_blocked, id=65840, stack(0x000000f669b00000,0x000000f669c00000)]
  0x00000209eac18200 JavaThread "Service Thread" daemon [_thread_blocked, id=52528, stack(0x000000f669c00000,0x000000f669d00000)]
  0x00000209eac19330 JavaThread "Monitor Deflation Thread" daemon [_thread_blocked, id=51984, stack(0x000000f669d00000,0x000000f669e00000)]
=>0x00000209eac1a790 JavaThread "C2 CompilerThread0" daemon [_thread_in_native, id=19736, stack(0x000000f669e00000,0x000000f669f00000)]
  0x00000209eac1eeb0 JavaThread "C1 CompilerThread0" daemon [_thread_blocked, id=37444, stack(0x000000f669f00000,0x000000f66a000000)]
  0x00000209eac20f40 JavaThread "Sweeper thread" daemon [_thread_blocked, id=31628, stack(0x000000f66a000000,0x000000f66a100000)]
  0x00000209ea036ce0 JavaThread "Common-Cleaner" daemon [_thread_blocked, id=20868, stack(0x000000f66a100000,0x000000f66a200000)]
  0x00000209eb02be20 JavaThread "Monitor Ctrl-Break" daemon [_thread_in_native, id=52672, stack(0x000000f66a200000,0x000000f66a300000)]
  0x00000209eb02c2f0 JavaThread "Notification Thread" daemon [_thread_blocked, id=18392, stack(0x000000f66a300000,0x000000f66a400000)]
  0x00000209eb192d30 JavaThread "C2 CompilerThread1" daemon [_thread_in_native, id=63116, stack(0x000000f66a500000,0x000000f66a600000)]

Other Threads:
  0x00000209ea048f10 VMThread "VM Thread" [stack: 0x000000f669700000,0x000000f669800000] [id=58912]
  0x00000209c6eb3010 WatcherThread [stack: 0x000000f66a400000,0x000000f66a500000] [id=61992]
  0x00000209c6e91420 GCTaskThread "GC Thread#0" [stack: 0x000000f669200000,0x000000f669300000] [id=64156]
  0x00000209eb7fe9b0 GCTaskThread "GC Thread#1" [stack: 0x000000f66a700000,0x000000f66a800000] [id=16224]
  0x00000209eb7fec60 GCTaskThread "GC Thread#2" [stack: 0x000000f66a800000,0x000000f66a900000] [id=61024]
  0x00000209ebd94bf0 GCTaskThread "GC Thread#3" [stack: 0x000000f66a900000,0x000000f66aa00000] [id=8128]
  0x00000209ebd952b0 GCTaskThread "GC Thread#4" [stack: 0x000000f66aa00000,0x000000f66ab00000] [id=63836]
  0x00000209ebd310b0 GCTaskThread "GC Thread#5" [stack: 0x000000f66ab00000,0x000000f66ac00000] [id=62088]
  0x00000209ebd31980 GCTaskThread "GC Thread#6" [stack: 0x000000f66ac00000,0x000000f66ad00000] [id=32436]
  0x00000209ebd31c30 GCTaskThread "GC Thread#7" [stack: 0x000000f66ad00000,0x000000f66ae00000] [id=64740]
  0x00000209ebb5e2e0 GCTaskThread "GC Thread#8" [stack: 0x000000f66ae00000,0x000000f66af00000] [id=65476]
  0x00000209c6ea5a20 ConcurrentGCThread "G1 Main Marker" [stack: 0x000000f669300000,0x000000f669400000] [id=62124]
  0x00000209c6ea7000 ConcurrentGCThread "G1 Conc#0" [stack: 0x000000f669400000,0x000000f669500000] [id=65916]
  0x00000209c6ede360 ConcurrentGCThread "G1 Refine#0" [stack: 0x000000f669500000,0x000000f669600000] [id=66500]
  0x00000209c6edeb20 ConcurrentGCThread "G1 Service" [stack: 0x000000f669600000,0x000000f669700000] [id=64084]

Threads with active compile tasks:
C2 CompilerThread0    20137 1573       4       jdk.internal.loader.URLClassPath::getResource (74 bytes)
C2 CompilerThread1    20137 1572   !   4       jdk.internal.loader.BuiltinClassLoader::loadClassOrNull (143 bytes)

VM state: not at safepoint (normal execution)

VM Mutex/Monitor currently owned by a thread: None

Heap address: 0x0000000708600000, size: 3962 MB, Compressed Oops mode: Zero based, Oop shift amount: 3

CDS archive(s) mapped at: [0x0000000800000000-0x0000000800bc0000-0x0000000800bc0000), size 12320768, SharedBaseAddress: 0x0000000800000000, ArchiveRelocationMode: 0.
Compressed class space mapped at: 0x0000000800c00000-0x0000000840c00000, reserved size: 1073741824
Narrow klass base: 0x0000000800000000, Narrow klass shift: 0, Narrow klass range: 0x100000000

GC Precious Log:
 CPUs: 14 total, 14 available
 Memory: 15844M
 Large Page Support: Disabled
 NUMA Support: Disabled
 Compressed Oops: Enabled (Zero based)
 Heap Region Size: 2M
 Heap Min Capacity: 8M
 Heap Initial Capacity: 248M
 Heap Max Capacity: 3962M
 Pre-touch: Disabled
 Parallel Workers: 11
 Concurrent Workers: 3
 Concurrent Refinement Workers: 11
 Periodic GC: Disabled

Heap:
 garbage-first heap   total 253952K, used 26596K [0x0000000708600000, 0x0000000800000000)
  region size 2048K, 11 young (22528K), 1 survivors (2048K)
 Metaspace       used 13520K, committed 13632K, reserved 1064960K
  class space    used 2324K, committed 2368K, reserved 1048576K

Heap Regions: E=young(eden), S=young(survivor), O=old, HS=humongous(starts), HC=humongous(continues), CS=collection set, F=free, OA=open archive, CA=closed archive, TAMS=top-at-mark-start (previous, next)
|   0|0x0000000708600000, 0x0000000708800000, 0x0000000708800000|100%| O|  |TAMS 0x0000000708600000, 0x0000000708600000| Untracked 
|   1|0x0000000708800000, 0x0000000708a00000, 0x0000000708a00000|100%| O|  |TAMS 0x0000000708800000, 0x0000000708800000| Untracked 
|   2|0x0000000708a00000, 0x0000000708c00000, 0x0000000708c00000|100%| O|  |TAMS 0x0000000708a00000, 0x0000000708a00000| Untracked 
|   3|0x0000000708c00000, 0x0000000708d3c200, 0x0000000708e00000| 61%| O|  |TAMS 0x0000000708c00000, 0x0000000708c00000| Untracked 
|   4|0x0000000708e00000, 0x0000000708e00000, 0x0000000709000000|  0%| F|  |TAMS 0x0000000708e00000, 0x0000000708e00000| Untracked 
|   5|0x0000000709000000, 0x0000000709000000, 0x0000000709200000|  0%| F|  |TAMS 0x0000000709000000, 0x0000000709000000| Untracked 
|   6|0x0000000709200000, 0x0000000709200000, 0x0000000709400000|  0%| F|  |TAMS 0x0000000709200000, 0x0000000709200000| Untracked 
|   7|0x0000000709400000, 0x0000000709400000, 0x0000000709600000|  0%| F|  |TAMS 0x0000000709400000, 0x0000000709400000| Untracked 
|   8|0x0000000709600000, 0x0000000709600000, 0x0000000709800000|  0%| F|  |TAMS 0x0000000709600000, 0x0000000709600000| Untracked 
|   9|0x0000000709800000, 0x0000000709800000, 0x0000000709a00000|  0%| F|  |TAMS 0x0000000709800000, 0x0000000709800000| Untracked 
|  10|0x0000000709a00000, 0x0000000709a00000, 0x0000000709c00000|  0%| F|  |TAMS 0x0000000709a00000, 0x0000000709a00000| Untracked 
|  11|0x0000000709c00000, 0x0000000709c00000, 0x0000000709e00000|  0%| F|  |TAMS 0x0000000709c00000, 0x0000000709c00000| Untracked 
|  12|0x0000000709e00000, 0x0000000709e00000, 0x000000070a000000|  0%| F|  |TAMS 0x0000000709e00000, 0x0000000709e00000| Untracked 
|  13|0x000000070a000000, 0x000000070a000000, 0x000000070a200000|  0%| F|  |TAMS 0x000000070a000000, 0x000000070a000000| Untracked 
|  14|0x000000070a200000, 0x000000070a200000, 0x000000070a400000|  0%| F|  |TAMS 0x000000070a200000, 0x000000070a200000| Untracked 
|  15|0x000000070a400000, 0x000000070a400000, 0x000000070a600000|  0%| F|  |TAMS 0x000000070a400000, 0x000000070a400000| Untracked 
|  16|0x000000070a600000, 0x000000070a600000, 0x000000070a800000|  0%| F|  |TAMS 0x000000070a600000, 0x000000070a600000| Untracked 
|  17|0x000000070a800000, 0x000000070a800000, 0x000000070aa00000|  0%| F|  |TAMS 0x000000070a800000, 0x000000070a800000| Untracked 
|  18|0x000000070aa00000, 0x000000070aa00000, 0x000000070ac00000|  0%| F|  |TAMS 0x000000070aa00000, 0x000000070aa00000| Untracked 
|  19|0x000000070ac00000, 0x000000070ac00000, 0x000000070ae00000|  0%| F|  |TAMS 0x000000070ac00000, 0x000000070ac00000| Untracked 
|  20|0x000000070ae00000, 0x000000070ae00000, 0x000000070b000000|  0%| F|  |TAMS 0x000000070ae00000, 0x000000070ae00000| Untracked 
|  21|0x000000070b000000, 0x000000070b000000, 0x000000070b200000|  0%| F|  |TAMS 0x000000070b000000, 0x000000070b000000| Untracked 
|  22|0x000000070b200000, 0x000000070b200000, 0x000000070b400000|  0%| F|  |TAMS 0x000000070b200000, 0x000000070b200000| Untracked 
|  23|0x000000070b400000, 0x000000070b400000, 0x000000070b600000|  0%| F|  |TAMS 0x000000070b400000, 0x000000070b400000| Untracked 
|  24|0x000000070b600000, 0x000000070b600000, 0x000000070b800000|  0%| F|  |TAMS 0x000000070b600000, 0x000000070b600000| Untracked 
|  25|0x000000070b800000, 0x000000070b800000, 0x000000070ba00000|  0%| F|  |TAMS 0x000000070b800000, 0x000000070b800000| Untracked 
|  26|0x000000070ba00000, 0x000000070ba00000, 0x000000070bc00000|  0%| F|  |TAMS 0x000000070ba00000, 0x000000070ba00000| Untracked 
|  27|0x000000070bc00000, 0x000000070bc00000, 0x000000070be00000|  0%| F|  |TAMS 0x000000070bc00000, 0x000000070bc00000| Untracked 
|  28|0x000000070be00000, 0x000000070be00000, 0x000000070c000000|  0%| F|  |TAMS 0x000000070be00000, 0x000000070be00000| Untracked 
|  29|0x000000070c000000, 0x000000070c000000, 0x000000070c200000|  0%| F|  |TAMS 0x000000070c000000, 0x000000070c000000| Untracked 
|  30|0x000000070c200000, 0x000000070c200000, 0x000000070c400000|  0%| F|  |TAMS 0x000000070c200000, 0x000000070c200000| Untracked 
|  31|0x000000070c400000, 0x000000070c400000, 0x000000070c600000|  0%| F|  |TAMS 0x000000070c400000, 0x000000070c400000| Untracked 
|  32|0x000000070c600000, 0x000000070c600000, 0x000000070c800000|  0%| F|  |TAMS 0x000000070c600000, 0x000000070c600000| Untracked 
|  33|0x000000070c800000, 0x000000070c800000, 0x000000070ca00000|  0%| F|  |TAMS 0x000000070c800000, 0x000000070c800000| Untracked 
|  34|0x000000070ca00000, 0x000000070ca00000, 0x000000070cc00000|  0%| F|  |TAMS 0x000000070ca00000, 0x000000070ca00000| Untracked 
|  35|0x000000070cc00000, 0x000000070cc00000, 0x000000070ce00000|  0%| F|  |TAMS 0x000000070cc00000, 0x000000070cc00000| Untracked 
|  36|0x000000070ce00000, 0x000000070ce00000, 0x000000070d000000|  0%| F|  |TAMS 0x000000070ce00000, 0x000000070ce00000| Untracked 
|  37|0x000000070d000000, 0x000000070d000000, 0x000000070d200000|  0%| F|  |TAMS 0x000000070d000000, 0x000000070d000000| Untracked 
|  38|0x000000070d200000, 0x000000070d200000, 0x000000070d400000|  0%| F|  |TAMS 0x000000070d200000, 0x000000070d200000| Untracked 
|  39|0x000000070d400000, 0x000000070d400000, 0x000000070d600000|  0%| F|  |TAMS 0x000000070d400000, 0x000000070d400000| Untracked 
|  40|0x000000070d600000, 0x000000070d600000, 0x000000070d800000|  0%| F|  |TAMS 0x000000070d600000, 0x000000070d600000| Untracked 
|  41|0x000000070d800000, 0x000000070d800000, 0x000000070da00000|  0%| F|  |TAMS 0x000000070d800000, 0x000000070d800000| Untracked 
|  42|0x000000070da00000, 0x000000070da00000, 0x000000070dc00000|  0%| F|  |TAMS 0x000000070da00000, 0x000000070da00000| Untracked 
|  43|0x000000070dc00000, 0x000000070dc00000, 0x000000070de00000|  0%| F|  |TAMS 0x000000070dc00000, 0x000000070dc00000| Untracked 
|  44|0x000000070de00000, 0x000000070de00000, 0x000000070e000000|  0%| F|  |TAMS 0x000000070de00000, 0x000000070de00000| Untracked 
|  45|0x000000070e000000, 0x000000070e000000, 0x000000070e200000|  0%| F|  |TAMS 0x000000070e000000, 0x000000070e000000| Untracked 
|  46|0x000000070e200000, 0x000000070e200000, 0x000000070e400000|  0%| F|  |TAMS 0x000000070e200000, 0x000000070e200000| Untracked 
|  47|0x000000070e400000, 0x000000070e400000, 0x000000070e600000|  0%| F|  |TAMS 0x000000070e400000, 0x000000070e400000| Untracked 
|  48|0x000000070e600000, 0x000000070e600000, 0x000000070e800000|  0%| F|  |TAMS 0x000000070e600000, 0x000000070e600000| Untracked 
|  49|0x000000070e800000, 0x000000070e800000, 0x000000070ea00000|  0%| F|  |TAMS 0x000000070e800000, 0x000000070e800000| Untracked 
|  50|0x000000070ea00000, 0x000000070ea00000, 0x000000070ec00000|  0%| F|  |TAMS 0x000000070ea00000, 0x000000070ea00000| Untracked 
|  51|0x000000070ec00000, 0x000000070ec00000, 0x000000070ee00000|  0%| F|  |TAMS 0x000000070ec00000, 0x000000070ec00000| Untracked 
|  52|0x000000070ee00000, 0x000000070ee00000, 0x000000070f000000|  0%| F|  |TAMS 0x000000070ee00000, 0x000000070ee00000| Untracked 
|  53|0x000000070f000000, 0x000000070f000000, 0x000000070f200000|  0%| F|  |TAMS 0x000000070f000000, 0x000000070f000000| Untracked 
|  54|0x000000070f200000, 0x000000070f200000, 0x000000070f400000|  0%| F|  |TAMS 0x000000070f200000, 0x000000070f200000| Untracked 
|  55|0x000000070f400000, 0x000000070f400000, 0x000000070f600000|  0%| F|  |TAMS 0x000000070f400000, 0x000000070f400000| Untracked 
|  56|0x000000070f600000, 0x000000070f600000, 0x000000070f800000|  0%| F|  |TAMS 0x000000070f600000, 0x000000070f600000| Untracked 
|  57|0x000000070f800000, 0x000000070f800000, 0x000000070fa00000|  0%| F|  |TAMS 0x000000070f800000, 0x000000070f800000| Untracked 
|  58|0x000000070fa00000, 0x000000070fa00000, 0x000000070fc00000|  0%| F|  |TAMS 0x000000070fa00000, 0x000000070fa00000| Untracked 
|  59|0x000000070fc00000, 0x000000070fc00000, 0x000000070fe00000|  0%| F|  |TAMS 0x000000070fc00000, 0x000000070fc00000| Untracked 
|  60|0x000000070fe00000, 0x000000070fe00000, 0x0000000710000000|  0%| F|  |TAMS 0x000000070fe00000, 0x000000070fe00000| Untracked 
|  61|0x0000000710000000, 0x0000000710000000, 0x0000000710200000|  0%| F|  |TAMS 0x0000000710000000, 0x0000000710000000| Untracked 
|  62|0x0000000710200000, 0x0000000710200000, 0x0000000710400000|  0%| F|  |TAMS 0x0000000710200000, 0x0000000710200000| Untracked 
|  63|0x0000000710400000, 0x0000000710400000, 0x0000000710600000|  0%| F|  |TAMS 0x0000000710400000, 0x0000000710400000| Untracked 
|  64|0x0000000710600000, 0x0000000710600000, 0x0000000710800000|  0%| F|  |TAMS 0x0000000710600000, 0x0000000710600000| Untracked 
|  65|0x0000000710800000, 0x0000000710800000, 0x0000000710a00000|  0%| F|  |TAMS 0x0000000710800000, 0x0000000710800000| Untracked 
|  66|0x0000000710a00000, 0x0000000710a00000, 0x0000000710c00000|  0%| F|  |TAMS 0x0000000710a00000, 0x0000000710a00000| Untracked 
|  67|0x0000000710c00000, 0x0000000710c00000, 0x0000000710e00000|  0%| F|  |TAMS 0x0000000710c00000, 0x0000000710c00000| Untracked 
|  68|0x0000000710e00000, 0x0000000710e00000, 0x0000000711000000|  0%| F|  |TAMS 0x0000000710e00000, 0x0000000710e00000| Untracked 
|  69|0x0000000711000000, 0x0000000711000000, 0x0000000711200000|  0%| F|  |TAMS 0x0000000711000000, 0x0000000711000000| Untracked 
|  70|0x0000000711200000, 0x0000000711200000, 0x0000000711400000|  0%| F|  |TAMS 0x0000000711200000, 0x0000000711200000| Untracked 
|  71|0x0000000711400000, 0x0000000711400000, 0x0000000711600000|  0%| F|  |TAMS 0x0000000711400000, 0x0000000711400000| Untracked 
|  72|0x0000000711600000, 0x0000000711600000, 0x0000000711800000|  0%| F|  |TAMS 0x0000000711600000, 0x0000000711600000| Untracked 
|  73|0x0000000711800000, 0x0000000711800000, 0x0000000711a00000|  0%| F|  |TAMS 0x0000000711800000, 0x0000000711800000| Untracked 
|  74|0x0000000711a00000, 0x0000000711a00000, 0x0000000711c00000|  0%| F|  |TAMS 0x0000000711a00000, 0x0000000711a00000| Untracked 
|  75|0x0000000711c00000, 0x0000000711c00000, 0x0000000711e00000|  0%| F|  |TAMS 0x0000000711c00000, 0x0000000711c00000| Untracked 
|  76|0x0000000711e00000, 0x0000000711e00000, 0x0000000712000000|  0%| F|  |TAMS 0x0000000711e00000, 0x0000000711e00000| Untracked 
|  77|0x0000000712000000, 0x0000000712000000, 0x0000000712200000|  0%| F|  |TAMS 0x0000000712000000, 0x0000000712000000| Untracked 
|  78|0x0000000712200000, 0x0000000712200000, 0x0000000712400000|  0%| F|  |TAMS 0x0000000712200000, 0x0000000712200000| Untracked 
|  79|0x0000000712400000, 0x0000000712400000, 0x0000000712600000|  0%| F|  |TAMS 0x0000000712400000, 0x0000000712400000| Untracked 
|  80|0x0000000712600000, 0x0000000712600000, 0x0000000712800000|  0%| F|  |TAMS 0x0000000712600000, 0x0000000712600000| Untracked 
|  81|0x0000000712800000, 0x0000000712800000, 0x0000000712a00000|  0%| F|  |TAMS 0x0000000712800000, 0x0000000712800000| Untracked 
|  82|0x0000000712a00000, 0x0000000712a00000, 0x0000000712c00000|  0%| F|  |TAMS 0x0000000712a00000, 0x0000000712a00000| Untracked 
|  83|0x0000000712c00000, 0x0000000712c00000, 0x0000000712e00000|  0%| F|  |TAMS 0x0000000712c00000, 0x0000000712c00000| Untracked 
|  84|0x0000000712e00000, 0x0000000712e00000, 0x0000000713000000|  0%| F|  |TAMS 0x0000000712e00000, 0x0000000712e00000| Untracked 
|  85|0x0000000713000000, 0x0000000713000000, 0x0000000713200000|  0%| F|  |TAMS 0x0000000713000000, 0x0000000713000000| Untracked 
|  86|0x0000000713200000, 0x0000000713200000, 0x0000000713400000|  0%| F|  |TAMS 0x0000000713200000, 0x0000000713200000| Untracked 
|  87|0x0000000713400000, 0x0000000713400000, 0x0000000713600000|  0%| F|  |TAMS 0x0000000713400000, 0x0000000713400000| Untracked 
|  88|0x0000000713600000, 0x0000000713600000, 0x0000000713800000|  0%| F|  |TAMS 0x0000000713600000, 0x0000000713600000| Untracked 
|  89|0x0000000713800000, 0x0000000713800000, 0x0000000713a00000|  0%| F|  |TAMS 0x0000000713800000, 0x0000000713800000| Untracked 
|  90|0x0000000713a00000, 0x0000000713a00000, 0x0000000713c00000|  0%| F|  |TAMS 0x0000000713a00000, 0x0000000713a00000| Untracked 
|  91|0x0000000713c00000, 0x0000000713c00000, 0x0000000713e00000|  0%| F|  |TAMS 0x0000000713c00000, 0x0000000713c00000| Untracked 
|  92|0x0000000713e00000, 0x0000000713e00000, 0x0000000714000000|  0%| F|  |TAMS 0x0000000713e00000, 0x0000000713e00000| Untracked 
|  93|0x0000000714000000, 0x0000000714000000, 0x0000000714200000|  0%| F|  |TAMS 0x0000000714000000, 0x0000000714000000| Untracked 
|  94|0x0000000714200000, 0x0000000714200000, 0x0000000714400000|  0%| F|  |TAMS 0x0000000714200000, 0x0000000714200000| Untracked 
|  95|0x0000000714400000, 0x0000000714400000, 0x0000000714600000|  0%| F|  |TAMS 0x0000000714400000, 0x0000000714400000| Untracked 
|  96|0x0000000714600000, 0x0000000714600000, 0x0000000714800000|  0%| F|  |TAMS 0x0000000714600000, 0x0000000714600000| Untracked 
|  97|0x0000000714800000, 0x0000000714800000, 0x0000000714a00000|  0%| F|  |TAMS 0x0000000714800000, 0x0000000714800000| Untracked 
|  98|0x0000000714a00000, 0x0000000714a00000, 0x0000000714c00000|  0%| F|  |TAMS 0x0000000714a00000, 0x0000000714a00000| Untracked 
|  99|0x0000000714c00000, 0x0000000714c00000, 0x0000000714e00000|  0%| F|  |TAMS 0x0000000714c00000, 0x0000000714c00000| Untracked 
| 100|0x0000000714e00000, 0x0000000714e00000, 0x0000000715000000|  0%| F|  |TAMS 0x0000000714e00000, 0x0000000714e00000| Untracked 
| 101|0x0000000715000000, 0x0000000715000000, 0x0000000715200000|  0%| F|  |TAMS 0x0000000715000000, 0x0000000715000000| Untracked 
| 102|0x0000000715200000, 0x0000000715200000, 0x0000000715400000|  0%| F|  |TAMS 0x0000000715200000, 0x0000000715200000| Untracked 
| 103|0x0000000715400000, 0x0000000715400000, 0x0000000715600000|  0%| F|  |TAMS 0x0000000715400000, 0x0000000715400000| Untracked 
| 104|0x0000000715600000, 0x0000000715600000, 0x0000000715800000|  0%| F|  |TAMS 0x0000000715600000, 0x0000000715600000| Untracked 
| 105|0x0000000715800000, 0x0000000715800000, 0x0000000715a00000|  0%| F|  |TAMS 0x0000000715800000, 0x0000000715800000| Untracked 
| 106|0x0000000715a00000, 0x0000000715a00000, 0x0000000715c00000|  0%| F|  |TAMS 0x0000000715a00000, 0x0000000715a00000| Untracked 
| 107|0x0000000715c00000, 0x0000000715c00000, 0x0000000715e00000|  0%| F|  |TAMS 0x0000000715c00000, 0x0000000715c00000| Untracked 
| 108|0x0000000715e00000, 0x0000000715e00000, 0x0000000716000000|  0%| F|  |TAMS 0x0000000715e00000, 0x0000000715e00000| Untracked 
| 109|0x0000000716000000, 0x0000000716000000, 0x0000000716200000|  0%| F|  |TAMS 0x0000000716000000, 0x0000000716000000| Untracked 
| 110|0x0000000716200000, 0x00000007162bd110, 0x0000000716400000| 36%| S|CS|TAMS 0x0000000716200000, 0x0000000716200000| Complete 
| 111|0x0000000716400000, 0x0000000716400000, 0x0000000716600000|  0%| F|  |TAMS 0x0000000716400000, 0x0000000716400000| Untracked 
| 112|0x0000000716600000, 0x0000000716600000, 0x0000000716800000|  0%| F|  |TAMS 0x0000000716600000, 0x0000000716600000| Untracked 
| 113|0x0000000716800000, 0x0000000716901aa0, 0x0000000716a00000| 50%| E|  |TAMS 0x0000000716800000, 0x0000000716800000| Complete 
| 114|0x0000000716a00000, 0x0000000716c00000, 0x0000000716c00000|100%| E|CS|TAMS 0x0000000716a00000, 0x0000000716a00000| Complete 
| 115|0x0000000716c00000, 0x0000000716e00000, 0x0000000716e00000|100%| E|CS|TAMS 0x0000000716c00000, 0x0000000716c00000| Complete 
| 116|0x0000000716e00000, 0x0000000717000000, 0x0000000717000000|100%| E|CS|TAMS 0x0000000716e00000, 0x0000000716e00000| Complete 
| 117|0x0000000717000000, 0x0000000717200000, 0x0000000717200000|100%| E|CS|TAMS 0x0000000717000000, 0x0000000717000000| Complete 
| 118|0x0000000717200000, 0x0000000717400000, 0x0000000717400000|100%| E|CS|TAMS 0x0000000717200000, 0x0000000717200000| Complete 
| 119|0x0000000717400000, 0x0000000717600000, 0x0000000717600000|100%| E|CS|TAMS 0x0000000717400000, 0x0000000717400000| Complete 
| 120|0x0000000717600000, 0x0000000717800000, 0x0000000717800000|100%| E|CS|TAMS 0x0000000717600000, 0x0000000717600000| Complete 
| 121|0x0000000717800000, 0x0000000717a00000, 0x0000000717a00000|100%| E|CS|TAMS 0x0000000717800000, 0x0000000717800000| Complete 
| 122|0x0000000717a00000, 0x0000000717c00000, 0x0000000717c00000|100%| E|CS|TAMS 0x0000000717a00000, 0x0000000717a00000| Complete 
| 123|0x0000000717c00000, 0x0000000717e00000, 0x0000000717e00000|100%| E|CS|TAMS 0x0000000717c00000, 0x0000000717c00000| Complete 

Card table byte_map: [0x00000209de720000,0x00000209deee0000] _byte_map_base: 0x00000209daedd000

Marking Bits (Prev, Next): (CMBitMap*) 0x00000209c6e95960, (CMBitMap*) 0x00000209c6e959a0
 Prev Bits: [0x00000209df6a0000, 0x00000209e3488000)
 Next Bits: [0x00000209e3490000, 0x00000209e7278000)

Polling page: 0x00000209c63d0000

Metaspace:

Usage:
  Non-class:     10.99 MB used.
      Class:      2.28 MB used.
       Both:     13.27 MB used.

Virtual space:
  Non-class space:       16.00 MB reserved,      11.06 MB ( 69%) committed,  2 nodes.
      Class space:        1.00 GB reserved,       2.31 MB ( <1%) committed,  1 nodes.
             Both:        1.02 GB reserved,      13.38 MB (  1%) committed. 

Chunk freelists:
   Non-Class:  3.91 MB
       Class:  1.50 MB
        Both:  5.41 MB

MaxMetaspaceSize: unlimited
CompressedClassSpaceSize: 1.00 GB
Initial GC threshold: 21.00 MB
Current GC threshold: 21.00 MB
CDS: on
MetaspaceReclaimPolicy: balanced
 - commit_granule_bytes: 65536.
 - commit_granule_words: 8192.
 - virtual_space_node_default_size: 1048576.
 - enlarge_chunks_in_place: 1.
 - new_chunks_are_fully_committed: 0.
 - uncommit_free_chunks: 1.
 - use_allocation_guard: 0.
 - handle_deallocations: 1.


Internal statistics:

num_allocs_failed_limit: 0.
num_arena_births: 86.
num_arena_deaths: 0.
num_vsnodes_births: 3.
num_vsnodes_deaths: 0.
num_space_committed: 214.
num_space_uncommitted: 0.
num_chunks_returned_to_freelist: 0.
num_chunks_taken_from_freelist: 464.
num_chunk_merges: 0.
num_chunk_splits: 378.
num_chunks_enlarged: 342.
num_purges: 0.
num_inconsistent_stats: 0.

CodeHeap 'non-profiled nmethods': size=120000Kb used=674Kb max_used=674Kb free=119325Kb
 bounds [0x00000209d63c0000, 0x00000209d6630000, 0x00000209dd8f0000]
CodeHeap 'profiled nmethods': size=120000Kb used=2735Kb max_used=2735Kb free=117264Kb
 bounds [0x00000209cee90000, 0x00000209cf140000, 0x00000209d63c0000]
CodeHeap 'non-nmethods': size=5760Kb used=1167Kb max_used=1197Kb free=4592Kb
 bounds [0x00000209ce8f0000, 0x00000209ceb60000, 0x00000209cee90000]
 total_blobs=2033 nmethods=1572 adapters=374
 compilation: enabled
              stopped_count=0, restarted_count=0
 full_count=0

Compilation events (20 events):
Event: 1.711 Thread 0x00000209eac1a790 1565       4       java.lang.String::<init> (830 bytes)
Event: 1.718 Thread 0x00000209eac1a790 nmethod 1565 0x00000209d6460190 code [0x00000209d6460340, 0x00000209d6460d38]
Event: 1.722 Thread 0x00000209eac1a790 1566       4       java.util.stream.ReferencePipeline$2$1::accept (27 bytes)
Event: 1.729 Thread 0x00000209eac1a790 nmethod 1566 0x00000209d6461110 code [0x00000209d64612e0, 0x00000209d6461978]
Event: 1.734 Thread 0x00000209eb192d30 1567       4       java.lang.ref.Cleaner$1::apply (9 bytes)
Event: 1.735 Thread 0x00000209eb192d30 nmethod 1567 0x00000209d6461f10 code [0x00000209d6462080, 0x00000209d6462138]
Event: 1.737 Thread 0x00000209eb728b00 1568       4       java.lang.ref.Reference::refersToImpl (6 bytes)
Event: 1.737 Thread 0x00000209eb728b00 nmethod 1568 0x00000209d6462210 code [0x00000209d6462380, 0x00000209d6462418]
Event: 1.739 Thread 0x00000209eb728b00 1569       4       jdk.nio.zipfs.ZipPath::toString (12 bytes)
Event: 1.744 Thread 0x00000209eb728b00 nmethod 1569 0x00000209d6462510 code [0x00000209d64626c0, 0x00000209d6462948]
Event: 1.790 Thread 0x00000209eb728b00 1570   !   4       java.util.zip.InflaterInputStream::read (138 bytes)
Event: 1.827 Thread 0x00000209eb728b00 nmethod 1570 0x00000209d6462b90 code [0x00000209d6462e20, 0x00000209d6465860]
Event: 1.835 Thread 0x00000209eb728b00 1571       4       java.lang.ClassLoader::getClassLoadingLock (35 bytes)
Event: 1.837 Thread 0x00000209eb192d30 1572   !   4       jdk.internal.loader.BuiltinClassLoader::loadClassOrNull (143 bytes)
Event: 1.837 Thread 0x00000209eb728b00 nmethod 1571 0x00000209d6466e10 code [0x00000209d6466fa0, 0x00000209d64670e8]
Event: 1.843 Thread 0x00000209eac1a790 1573       4       jdk.internal.loader.URLClassPath::getResource (74 bytes)
Event: 1.891 Thread 0x00000209eb728b00 1574       4       jdk.internal.loader.BuiltinClassLoader::findLoadedModule (33 bytes)
Event: 6.952 Thread 0x00000209eb728b00 nmethod 1574 0x00000209d6467210 code [0x00000209d64673e0, 0x00000209d64680d8]
Event: 6.952 Thread 0x00000209eb728b00 1575       4       java.lang.StringConcatHelper::newString (67 bytes)
Event: 6.953 Thread 0x00000209eb728b00 nmethod 1575 0x00000209d6468810 code [0x00000209d64689a0, 0x00000209d6468a98]

GC Heap History (4 events):
Event: 1.065 GC heap before
{Heap before GC invocations=0 (full 0):
 garbage-first heap   total 253952K, used 22528K [0x0000000708600000, 0x0000000800000000)
  region size 2048K, 11 young (22528K), 0 survivors (0K)
 Metaspace       used 5630K, committed 5760K, reserved 1056768K
  class space    used 716K, committed 768K, reserved 1048576K
}
Event: 1.072 GC heap after
{Heap after GC invocations=1 (full 0):
 garbage-first heap   total 253952K, used 7716K [0x0000000708600000, 0x0000000800000000)
  region size 2048K, 2 young (4096K), 2 survivors (4096K)
 Metaspace       used 5630K, committed 5760K, reserved 1056768K
  class space    used 716K, committed 768K, reserved 1048576K
}
Event: 1.555 GC heap before
{Heap before GC invocations=1 (full 0):
 garbage-first heap   total 253952K, used 30244K [0x0000000708600000, 0x0000000800000000)
  region size 2048K, 13 young (26624K), 2 survivors (4096K)
 Metaspace       used 9732K, committed 9920K, reserved 1064960K
  class space    used 1511K, committed 1600K, reserved 1048576K
}
Event: 1.560 GC heap after
{Heap after GC invocations=2 (full 0):
 garbage-first heap   total 253952K, used 8164K [0x0000000708600000, 0x0000000800000000)
  region size 2048K, 1 young (2048K), 1 survivors (2048K)
 Metaspace       used 9732K, committed 9920K, reserved 1064960K
  class space    used 1511K, committed 1600K, reserved 1048576K
}

Deoptimization events (20 events):
Event: 1.105 Thread 0x00000209c6e25a50 DEOPT PACKING pc=0x00000209d64336b4 sp=0x000000f6691fd840
Event: 1.105 Thread 0x00000209c6e25a50 DEOPT UNPACKING pc=0x00000209ce9423a3 sp=0x000000f6691fd7c8 mode 2
Event: 1.105 Thread 0x00000209c6e25a50 Uncommon trap: trap_request=0xffffffde fr.pc=0x00000209d64336b4 relative=0x0000000000000114
Event: 1.105 Thread 0x00000209c6e25a50 Uncommon trap: reason=class_check action=maybe_recompile pc=0x00000209d64336b4 method=jdk.internal.misc.Unsafe.allocateUninitializedArray(Ljava/lang/Class;I)Ljava/lang/Object; @ 51 c2
Event: 1.105 Thread 0x00000209c6e25a50 DEOPT PACKING pc=0x00000209d64336b4 sp=0x000000f6691fd8e0
Event: 1.105 Thread 0x00000209c6e25a50 DEOPT UNPACKING pc=0x00000209ce9423a3 sp=0x000000f6691fd868 mode 2
Event: 1.264 Thread 0x00000209c6e25a50 DEOPT PACKING pc=0x00000209cf09498d sp=0x000000f6691fda70
Event: 1.264 Thread 0x00000209c6e25a50 DEOPT UNPACKING pc=0x00000209ce942b43 sp=0x000000f6691fcf08 mode 0
Event: 1.589 Thread 0x00000209c6e25a50 Uncommon trap: trap_request=0xffffff45 fr.pc=0x00000209d6440cb0 relative=0x00000000000012f0
Event: 1.589 Thread 0x00000209c6e25a50 Uncommon trap: reason=unstable_if action=reinterpret pc=0x00000209d6440cb0 method=jdk.internal.loader.URLClassPath.getResource(Ljava/lang/String;Z)Ljdk/internal/loader/Resource; @ 47 c2
Event: 1.589 Thread 0x00000209c6e25a50 DEOPT PACKING pc=0x00000209d6440cb0 sp=0x000000f6691fbd80
Event: 1.589 Thread 0x00000209c6e25a50 DEOPT UNPACKING pc=0x00000209ce9423a3 sp=0x000000f6691fbd70 mode 2
Event: 1.589 Thread 0x00000209c6e25a50 Uncommon trap: trap_request=0xffffff45 fr.pc=0x00000209d64270b0 relative=0x0000000000000170
Event: 1.589 Thread 0x00000209c6e25a50 Uncommon trap: reason=unstable_if action=reinterpret pc=0x00000209d64270b0 method=java.util.concurrent.ConcurrentHashMap.addCount(JI)V @ 121 c2
Event: 1.589 Thread 0x00000209c6e25a50 DEOPT PACKING pc=0x00000209d64270b0 sp=0x000000f6691fa1a0
Event: 1.589 Thread 0x00000209c6e25a50 DEOPT UNPACKING pc=0x00000209ce9423a3 sp=0x000000f6691fa100 mode 2
Event: 1.621 Thread 0x00000209c6e25a50 Uncommon trap: trap_request=0xffffff45 fr.pc=0x00000209d64332c8 relative=0x0000000000000048
Event: 1.621 Thread 0x00000209c6e25a50 Uncommon trap: reason=unstable_if action=reinterpret pc=0x00000209d64332c8 method=java.lang.CharacterData.of(I)Ljava/lang/CharacterData; @ 4 c2
Event: 1.621 Thread 0x00000209c6e25a50 DEOPT PACKING pc=0x00000209d64332c8 sp=0x000000f6691fcc20
Event: 1.621 Thread 0x00000209c6e25a50 DEOPT UNPACKING pc=0x00000209ce9423a3 sp=0x000000f6691fcbc0 mode 2

Classes unloaded (0 events):
No events

Classes redefined (0 events):
No events

Internal exceptions (20 events):
Event: 0.386 Thread 0x00000209c6e25a50 Exception <a 'java/lang/NoSuchMethodError'{0x00000007176bd228}: 'int java.lang.invoke.DirectMethodHandle$Holder.invokeInterface(java.lang.Object, java.lang.Object)'> (0x00000007176bd228) 
thrown [d:\a\1\s\lookaside\java-17-openjdk\src\hotspot\share\interpreter\linkResolver.cpp, line 766]
Event: 0.393 Thread 0x00000209c6e25a50 Exception <a 'java/lang/NoSuchMethodError'{0x00000007176e9388}: 'void java.lang.invoke.DirectMethodHandle$Holder.invokeStatic(java.lang.Object, java.lang.Object, java.lang.Object, java.lang.Object)'> (0x00000007176e9388) 
thrown [d:\a\1\s\lookaside\java-17-openjdk\src\hotspot\share\interpreter\linkResolver.cpp, line 766]
Event: 0.462 Thread 0x00000209c6e25a50 Exception <a 'java/lang/NoSuchMethodError'{0x00000007174adc80}: 'void java.lang.invoke.DirectMethodHandle$Holder.invokeSpecial(java.lang.Object, java.lang.Object, java.lang.Object)'> (0x00000007174adc80) 
thrown [d:\a\1\s\lookaside\java-17-openjdk\src\hotspot\share\interpreter\linkResolver.cpp, line 766]
Event: 0.486 Thread 0x00000209c6e25a50 Exception <a 'java/lang/NoSuchMethodError'{0x0000000717538b80}: 'int java.lang.invoke.DirectMethodHandle$Holder.invokeSpecialIFC(java.lang.Object, java.lang.Object, java.lang.Object, java.lang.Object)'> (0x0000000717538b80) 
thrown [d:\a\1\s\lookaside\java-17-openjdk\src\hotspot\share\interpreter\linkResolver.cpp, line 766]
Event: 0.495 Thread 0x00000209c6e25a50 Exception <a 'java/lang/NoSuchMethodError'{0x0000000717572a48}: 'java.lang.Object java.lang.invoke.DirectMethodHandle$Holder.newInvokeSpecial(java.lang.Object, java.lang.Object, java.lang.Object, java.lang.Object, java.lang.Object, java.lang.Object)'> (0x0000000717572a48) 
thrown [d:\a\1\s\lookaside\java-17-openjdk\src\hotspot\share\interpreter\linkResolver.cpp, line 766]
Event: 0.498 Thread 0x00000209c6e25a50 Exception <a 'java/lang/NoSuchMethodError'{0x0000000717581e60}: 'void java.lang.invoke.DirectMethodHandle$Holder.invokeStaticInit(java.lang.Object)'> (0x0000000717581e60) 
thrown [d:\a\1\s\lookaside\java-17-openjdk\src\hotspot\share\interpreter\linkResolver.cpp, line 766]
Event: 0.503 Thread 0x00000209c6e25a50 Exception <a 'java/lang/NoSuchMethodError'{0x00000007175921c0}: 'java.lang.Object java.lang.invoke.DirectMethodHandle$Holder.newInvokeSpecial(java.lang.Object, java.lang.Object, java.lang.Object, java.lang.Object, java.lang.Object, java.lang.Object, java.lang.Object)'> (0x00000007175921c0) 
thrown [d:\a\1\s\lookaside\java-17-openjdk\src\hotspot\share\interpreter\linkResolver.cpp, line 766]
Event: 0.503 Thread 0x00000209c6e25a50 Exception <a 'java/lang/NoSuchMethodError'{0x0000000717596748}: 'java.lang.Object java.lang.invoke.Invokers$Holder.linkToTargetMethod(java.lang.Object, java.lang.Object, java.lang.Object, java.lang.Object, java.lang.Object, java.lang.Object, java.lang.Object)'> (0x0000000717596748) 
thrown [d:\a\1\s\lookaside\java-17-openjdk\src\hotspot\share\interpreter\linkResolver.cpp, line 766]
Event: 0.506 Thread 0x00000209c6e25a50 Exception <a 'java/lang/NoSuchMethodError'{0x00000007175a34e8}: 'java.lang.Object java.lang.invoke.DirectMethodHandle$Holder.invokeSpecialIFC(java.lang.Object, java.lang.Object, java.lang.Object, java.lang.Object, java.lang.Object)'> (0x00000007175a34e8) 
thrown [d:\a\1\s\lookaside\java-17-openjdk\src\hotspot\share\interpreter\linkResolver.cpp, line 766]
Event: 0.574 Thread 0x00000209c6e25a50 Exception <a 'java/lang/NoSuchMethodError'{0x00000007173d3b00}: 'java.lang.Object java.lang.invoke.DirectMethodHandle$Holder.invokeStaticInit(java.lang.Object, int, int, int, int)'> (0x00000007173d3b00) 
thrown [d:\a\1\s\lookaside\java-17-openjdk\src\hotspot\share\interpreter\linkResolver.cpp, line 766]
Event: 0.697 Thread 0x00000209c6e25a50 Exception <a 'java/lang/NoSuchMethodError'{0x00000007170ad260}: 'java.lang.Object java.lang.invoke.DirectMethodHandle$Holder.invokeStaticInit(java.lang.Object, java.lang.Object, int, int, int, int)'> (0x00000007170ad260) 
thrown [d:\a\1\s\lookaside\java-17-openjdk\src\hotspot\share\interpreter\linkResolver.cpp, line 766]
Event: 0.730 Thread 0x00000209c6e25a50 Exception <a 'java/lang/NoSuchMethodError'{0x0000000717162718}: 'int java.lang.invoke.DirectMethodHandle$Holder.invokeSpecial(java.lang.Object, java.lang.Object, java.lang.Object)'> (0x0000000717162718) 
thrown [d:\a\1\s\lookaside\java-17-openjdk\src\hotspot\share\interpreter\linkResolver.cpp, line 766]
Event: 0.733 Thread 0x00000209c6e25a50 Exception <a 'java/lang/IncompatibleClassChangeError'{0x0000000717174c90}: Found class java.lang.Object, but interface was expected> (0x0000000717174c90) 
thrown [d:\a\1\s\lookaside\java-17-openjdk\src\hotspot\share\interpreter\linkResolver.cpp, line 833]
Event: 0.794 Thread 0x00000209c6e25a50 Exception <a 'java/lang/NoSuchMethodError'{0x0000000716eb3558}: 'int java.lang.invoke.DirectMethodHandle$Holder.invokeVirtual(java.lang.Object, java.lang.Object)'> (0x0000000716eb3558) 
thrown [d:\a\1\s\lookaside\java-17-openjdk\src\hotspot\share\interpreter\linkResolver.cpp, line 766]
Event: 0.799 Thread 0x00000209c6e25a50 Exception <a 'java/lang/IncompatibleClassChangeError'{0x0000000716ee21f0}: Found class java.lang.Object, but interface was expected> (0x0000000716ee21f0) 
thrown [d:\a\1\s\lookaside\java-17-openjdk\src\hotspot\share\interpreter\linkResolver.cpp, line 833]
Event: 0.803 Thread 0x00000209c6e25a50 Exception <a 'java/lang/NoSuchMethodError'{0x0000000716efbfd8}: 'java.lang.Object java.lang.invoke.DirectMethodHandle$Holder.newInvokeSpecial(java.lang.Object, java.lang.Object, java.lang.Object, java.lang.Object, java.lang.Object)'> (0x0000000716efbfd8) 
thrown [d:\a\1\s\lookaside\java-17-openjdk\src\hotspot\share\interpreter\linkResolver.cpp, line 766]
Event: 0.804 Thread 0x00000209c6e25a50 Exception <a 'sun/nio/fs/WindowsException'{0x0000000716f000e8}> (0x0000000716f000e8) 
thrown [d:\a\1\s\lookaside\java-17-openjdk\src\hotspot\share\prims\jni.cpp, line 516]
Event: 1.589 Thread 0x00000209c6e25a50 Exception <a 'java/lang/NoClassDefFoundError'{0x0000000717d891b0}: com/sun/jna/FunctionMapper> (0x0000000717d891b0) 
thrown [d:\a\1\s\lookaside\java-17-openjdk\src\hotspot\share\classfile\systemDictionary.cpp, line 245]
Event: 1.608 Thread 0x00000209c6e25a50 Exception <a 'java/lang/ClassNotFoundException'{0x0000000717de0320}: sun/util/logging/resources/spi/loggingProvider> (0x0000000717de0320) 
thrown [d:\a\1\s\lookaside\java-17-openjdk\src\hotspot\share\classfile\systemDictionary.cpp, line 256]
Event: 1.625 Thread 0x00000209c6e25a50 Exception <a 'java/lang/NoClassDefFoundError'{0x0000000717a576a0}: com/sun/jna/Library> (0x0000000717a576a0) 
thrown [d:\a\1\s\lookaside\java-17-openjdk\src\hotspot\share\classfile\systemDictionary.cpp, line 245]

VM Operations (20 events):
Event: 0.324 Executing VM operation: HandshakeAllThreads
Event: 0.325 Executing VM operation: HandshakeAllThreads done
Event: 0.381 Executing VM operation: HandshakeAllThreads
Event: 0.381 Executing VM operation: HandshakeAllThreads done
Event: 0.388 Executing VM operation: HandshakeAllThreads
Event: 0.388 Executing VM operation: HandshakeAllThreads done
Event: 0.407 Executing VM operation: HandshakeAllThreads
Event: 0.407 Executing VM operation: HandshakeAllThreads done
Event: 0.801 Executing VM operation: HandshakeAllThreads
Event: 0.801 Executing VM operation: HandshakeAllThreads done
Event: 0.815 Executing VM operation: HandshakeAllThreads
Event: 0.815 Executing VM operation: HandshakeAllThreads done
Event: 1.065 Executing VM operation: G1CollectForAllocation
Event: 1.073 Executing VM operation: G1CollectForAllocation done
Event: 1.555 Executing VM operation: G1CollectForAllocation
Event: 1.560 Executing VM operation: G1CollectForAllocation done
Event: 1.621 Executing VM operation: HandshakeAllThreads
Event: 1.621 Executing VM operation: HandshakeAllThreads done
Event: 2.636 Executing VM operation: Cleanup
Event: 4.937 Executing VM operation: Cleanup done

Events (20 events):
Event: 1.611 loading class java/util/Formatter$DateTime
Event: 1.611 loading class java/util/Formatter$DateTime done
Event: 1.617 loading class sun/util/resources/LocaleData$CommonResourceBundleProvider
Event: 1.617 loading class sun/util/resources/LocaleData$LocaleDataResourceBundleProvider
Event: 1.617 loading class java/util/spi/ResourceBundleProvider
Event: 1.617 loading class java/util/spi/ResourceBundleProvider done
Event: 1.617 loading class sun/util/resources/LocaleData$LocaleDataResourceBundleProvider done
Event: 1.617 loading class sun/util/resources/LocaleData$CommonResourceBundleProvider done
Event: 1.617 loading class java/util/ArrayList$SubList$1
Event: 1.617 loading class java/util/ArrayList$SubList$1 done
Event: 1.617 loading class sun/text/resources/cldr/FormatData_en
Event: 1.617 loading class sun/text/resources/cldr/FormatData_en done
Event: 1.618 loading class sun/util/resources/Bundles$2
Event: 1.618 loading class sun/util/resources/Bundles$2 done
Event: 1.623 loading class java/util/concurrent/ConcurrentLinkedDeque$Itr
Event: 1.623 loading class java/util/concurrent/ConcurrentLinkedDeque$AbstractItr
Event: 1.623 loading class java/util/concurrent/ConcurrentLinkedDeque$AbstractItr done
Event: 1.623 loading class java/util/concurrent/ConcurrentLinkedDeque$Itr done
Event: 1.788 loading class java/util/concurrent/Callable
Event: 1.788 loading class java/util/concurrent/Callable done


Dynamic libraries:
0x00007ff647ff0000 - 0x00007ff648011000 	C:\Program Files\ojdkbuild\java-17-openjdk-17.0.3.0.6-1\bin\java.exe
0x00007ffc8b4c0000 - 0x00007ffc8b720000 	C:\WINDOWS\SYSTEM32\ntdll.dll
0x00007ffc8a110000 - 0x00007ffc8a1d7000 	C:\WINDOWS\System32\KERNEL32.DLL
0x00007ffc88930000 - 0x00007ffc88cfa000 	C:\WINDOWS\System32\KERNELBASE.dll
0x00007ffc887e0000 - 0x00007ffc8892b000 	C:\WINDOWS\System32\ucrtbase.dll
0x00007ffc4b3c0000 - 0x00007ffc4b3db000 	C:\Program Files\ojdkbuild\java-17-openjdk-17.0.3.0.6-1\bin\VCRUNTIME140.dll
0x00007ffc4b3e0000 - 0x00007ffc4b3f8000 	C:\Program Files\ojdkbuild\java-17-openjdk-17.0.3.0.6-1\bin\jli.dll
0x00007ffc8b160000 - 0x00007ffc8b32c000 	C:\WINDOWS\System32\USER32.dll
0x00007ffc5eb00000 - 0x00007ffc5ed97000 	C:\WINDOWS\WinSxS\amd64_microsoft.windows.common-controls_6595b64144ccf1df_6.0.26100.3624_none_3e086962e3345f24\COMCTL32.dll
0x00007ffc88fc0000 - 0x00007ffc88fe7000 	C:\WINDOWS\System32\win32u.dll
0x00007ffc8a8b0000 - 0x00007ffc8a959000 	C:\WINDOWS\System32\msvcrt.dll
0x00007ffc8b350000 - 0x00007ffc8b37a000 	C:\WINDOWS\System32\GDI32.dll
0x00007ffc886a0000 - 0x00007ffc887d1000 	C:\WINDOWS\System32\gdi32full.dll
0x00007ffc88e80000 - 0x00007ffc88f23000 	C:\WINDOWS\System32\msvcp_win.dll
0x00007ffc8a1e0000 - 0x00007ffc8a20f000 	C:\WINDOWS\System32\IMM32.DLL
0x00000209c63e0000 - 0x00000209c63f6000 	C:\WINDOWS\System32\umppc19706.dll
0x00000209c6420000 - 0x00000209c6433000 	C:\WINDOWS\System32\CsXumd64_19706.dll
0x00007ffc4a7d0000 - 0x00007ffc4a7dc000 	C:\Program Files\ojdkbuild\java-17-openjdk-17.0.3.0.6-1\bin\vcruntime140_1.dll
0x00007ffc4a740000 - 0x00007ffc4a7cd000 	C:\Program Files\ojdkbuild\java-17-openjdk-17.0.3.0.6-1\bin\msvcp140.dll
0x00007ffc498e0000 - 0x00007ffc4a53f000 	C:\Program Files\ojdkbuild\java-17-openjdk-17.0.3.0.6-1\bin\server\jvm.dll
0x00007ffc8b0a0000 - 0x00007ffc8b152000 	C:\WINDOWS\System32\ADVAPI32.dll
0x00007ffc8a630000 - 0x00007ffc8a6d6000 	C:\WINDOWS\System32\sechost.dll
0x00007ffc8a6e0000 - 0x00007ffc8a7f6000 	C:\WINDOWS\System32\RPCRT4.dll
0x00007ffc8b380000 - 0x00007ffc8b388000 	C:\WINDOWS\System32\PSAPI.DLL
0x00007ffc49830000 - 0x00007ffc4983a000 	C:\WINDOWS\SYSTEM32\WSOCK32.dll
0x00007ffc892c0000 - 0x00007ffc89334000 	C:\WINDOWS\System32\WS2_32.dll
0x00007ffc7a260000 - 0x00007ffc7a296000 	C:\WINDOWS\SYSTEM32\WINMM.dll
0x00007ffc86e80000 - 0x00007ffc86e8b000 	C:\WINDOWS\SYSTEM32\VERSION.dll
0x00007ffc87350000 - 0x00007ffc8736a000 	C:\WINDOWS\SYSTEM32\kernel.appcore.dll
0x00007ffc497f0000 - 0x00007ffc497fa000 	C:\Program Files\ojdkbuild\java-17-openjdk-17.0.3.0.6-1\bin\jimage.dll
0x00007ffc85820000 - 0x00007ffc85a61000 	C:\WINDOWS\SYSTEM32\DBGHELP.DLL
0x00007ffc8a2a0000 - 0x00007ffc8a622000 	C:\WINDOWS\System32\combase.dll
0x00007ffc897d0000 - 0x00007ffc898a6000 	C:\WINDOWS\System32\OLEAUT32.dll
0x00007ffc4d270000 - 0x00007ffc4d2a9000 	C:\WINDOWS\SYSTEM32\dbgcore.DLL
0x00007ffc89160000 - 0x00007ffc891f9000 	C:\WINDOWS\System32\bcryptPrimitives.dll
0x00007ffc7bd60000 - 0x00007ffc7bd6e000 	C:\Program Files\ojdkbuild\java-17-openjdk-17.0.3.0.6-1\bin\instrument.dll
0x00007ffc49570000 - 0x00007ffc49595000 	C:\Program Files\ojdkbuild\java-17-openjdk-17.0.3.0.6-1\bin\java.dll
0x00007ffc48ca0000 - 0x00007ffc48d77000 	C:\Program Files\ojdkbuild\java-17-openjdk-17.0.3.0.6-1\bin\jsvml.dll
0x00007ffc8a960000 - 0x00007ffc8b089000 	C:\WINDOWS\System32\SHELL32.dll
0x00007ffc88ff0000 - 0x00007ffc89158000 	C:\WINDOWS\System32\wintypes.dll
0x00007ffc85e50000 - 0x00007ffc866a2000 	C:\WINDOWS\SYSTEM32\windows.storage.dll
0x00007ffc8b390000 - 0x00007ffc8b47d000 	C:\WINDOWS\System32\SHCORE.dll
0x00007ffc89ef0000 - 0x00007ffc89f54000 	C:\WINDOWS\System32\shlwapi.dll
0x00007ffc885b0000 - 0x00007ffc885df000 	C:\WINDOWS\SYSTEM32\profapi.dll
0x00007ffc490c0000 - 0x00007ffc490d8000 	C:\Program Files\ojdkbuild\java-17-openjdk-17.0.3.0.6-1\bin\zip.dll
0x00007ffc49100000 - 0x00007ffc49119000 	C:\Program Files\ojdkbuild\java-17-openjdk-17.0.3.0.6-1\bin\net.dll
0x00007ffc87370000 - 0x00007ffc8748d000 	C:\WINDOWS\SYSTEM32\WINHTTP.dll
0x00007ffc87970000 - 0x00007ffc879da000 	C:\WINDOWS\system32\mswsock.dll
0x00007ffc490e0000 - 0x00007ffc490f6000 	C:\Program Files\ojdkbuild\java-17-openjdk-17.0.3.0.6-1\bin\nio.dll
0x00007ffc87d20000 - 0x00007ffc87d3c000 	C:\WINDOWS\SYSTEM32\CRYPTSP.dll
0x00007ffc872b0000 - 0x00007ffc872ea000 	C:\WINDOWS\system32\rsaenh.dll
0x00007ffc87a10000 - 0x00007ffc87a3b000 	C:\WINDOWS\SYSTEM32\USERENV.dll
0x00007ffc88580000 - 0x00007ffc885a6000 	C:\WINDOWS\SYSTEM32\bcrypt.dll
0x00007ffc87d00000 - 0x00007ffc87d0c000 	C:\WINDOWS\SYSTEM32\CRYPTBASE.dll
0x00007ffc86820000 - 0x00007ffc86853000 	C:\WINDOWS\SYSTEM32\IPHLPAPI.DLL
0x00007ffc8b090000 - 0x00007ffc8b09a000 	C:\WINDOWS\System32\NSI.dll
0x00007ffc7a640000 - 0x00007ffc7a65f000 	C:\WINDOWS\SYSTEM32\dhcpcsvc6.DLL
0x00007ffc7a610000 - 0x00007ffc7a635000 	C:\WINDOWS\SYSTEM32\dhcpcsvc.DLL
0x00007ffc86860000 - 0x00007ffc86985000 	C:\WINDOWS\SYSTEM32\DNSAPI.dll

dbghelp: loaded successfully - version: 4.0.5 - missing functions: none
symbol engine: initialized successfully - sym options: 0x614 - pdb path: .;C:\Program Files\ojdkbuild\java-17-openjdk-17.0.3.0.6-1\bin;C:\WINDOWS\SYSTEM32;C:\WINDOWS\WinSxS\amd64_microsoft.windows.common-controls_6595b64144ccf1df_6.0.26100.3624_none_3e086962e3345f24;C:\Program Files\ojdkbuild\java-17-openjdk-17.0.3.0.6-1\bin\server

VM Arguments:
jvm_args: -Dorg.jetbrains.run.directory=C:\Users\manish.47.kumar\IdeaProjects\BDDCucumberPractice\src\test\java -javaagent:C:\Program Files\JetBrains\IntelliJ IDEA Community Edition 2025.1.1.1\lib\idea_rt.jar=51738 -Dfile.encoding=UTF-8 
java_command: io.cucumber.core.cli.Main --plugin org.jetbrains.plugins.cucumber.java.run.CucumberJvm5SMFormatter --name ^Testing valid login to OracleHRM$ C:/Users/manish.47.kumar/IdeaProjects/BDDCucumberPractice/src/test/java/Demo.feature
java_class_path (initial): C:\Users\manish.47.kumar\IdeaProjects\BDDCucumberPractice\target\classes;C:\Users\manish.47.kumar\.m2\repository\io\cucumber\cucumber-java\7.26.0\cucumber-java-7.26.0.jar;C:\Users\manish.47.kumar\.m2\repository\io\cucumber\cucumber-core\7.26.0\cucumber-core-7.26.0.jar;C:\Users\manish.47.kumar\.m2\repository\io\cucumber\cucumber-gherkin\7.26.0\cucumber-gherkin-7.26.0.jar;C:\Users\manish.47.kumar\.m2\repository\io\cucumber\cucumber-gherkin-messages\7.26.0\cucumber-gherkin-messages-7.26.0.jar;C:\Users\manish.47.kumar\.m2\repository\io\cucumber\gherkin\33.0.0\gherkin-33.0.0.jar;C:\Users\manish.47.kumar\.m2\repository\io\cucumber\messages\28.0.0\messages-28.0.0.jar;C:\Users\manish.47.kumar\.m2\repository\io\cucumber\pretty-formatter\0.3.0\pretty-formatter-0.3.0.jar;C:\Users\manish.47.kumar\.m2\repository\io\cucumber\query\13.5.0\query-13.5.0.jar;C:\Users\manish.47.kumar\.m2\repository\io\cucumber\testng-xml-formatter\0.4.0\testng-xml-formatter-0.4.0.jar;C:\Users\manish.47.kumar\.m2\repository\io\cucumber\tag-expressions\6.1.2\tag-expressions-6.1.2.jar;C:\Users\manish.47.kumar\.m2\repository\io\cucumber\cucumber-expressions\18.0.1\cucumber-expressions-18.0.1.jar;C:\Users\manish.47.kumar\.m2\repository\io\cucumber\datatable\7.26.0\datatable-7.26.0.jar;C:\Users\manish.47.kumar\.m2\repository\io\cucumber\cucumber-plugin\7.26.0\cucumber-plugin-7.26.0.jar;C:\Users\manish.47.kumar\.m2\repository\io\cucumber\docstring\7.26.0\docstring-7.26.0.jar;C:\Users\manish.47.kumar\.m2\repository\io\cucumber\html-formatter\21.13.0\html-formatter-21.13.0.jar;C:\Users\manish.47.kumar\.m2\repository\io\cucumber\junit-xml-formatter\0.8.0\junit-xml-formatter-0.8.0.jar;C:\Users\manish.47.kumar\.m2\repository\io\cucumber\ci-environment\10.0.1\ci-environment-10.0.1.jar;C:\Users\manish.47.kumar\.m2\repository\org\apiguardian\apiguardian-api\1.1.2\apiguardian-api-1.1.2.jar;C:\Users\manish.47.kumar\.m2\repository\org\seleniumhq\selenium\selenium-java\4.34.0\selenium-java-4
Launcher Type: SUN_STANDARD

[Global flags]
     intx CICompilerCount                          = 4                                         {product} {ergonomic}
     uint ConcGCThreads                            = 3                                         {product} {ergonomic}
     uint G1ConcRefinementThreads                  = 11                                        {product} {ergonomic}
   size_t G1HeapRegionSize                         = 2097152                                   {product} {ergonomic}
    uintx GCDrainStackTargetSize                   = 64                                        {product} {ergonomic}
   size_t InitialHeapSize                          = 260046848                                 {product} {ergonomic}
   size_t MarkStackSize                            = 4194304                                   {product} {ergonomic}
   size_t MaxHeapSize                              = 4154458112                                {product} {ergonomic}
   size_t MaxNewSize                               = 2491416576                                {product} {ergonomic}
   size_t MinHeapDeltaBytes                        = 2097152                                   {product} {ergonomic}
   size_t MinHeapSize                              = 8388608                                   {product} {ergonomic}
    uintx NonNMethodCodeHeapSize                   = 5839372                                {pd product} {ergonomic}
    uintx NonProfiledCodeHeapSize                  = 122909434                              {pd product} {ergonomic}
    uintx ProfiledCodeHeapSize                     = 122909434                              {pd product} {ergonomic}
    uintx ReservedCodeCacheSize                    = 251658240                              {pd product} {ergonomic}
     bool SegmentedCodeCache                       = true                                      {product} {ergonomic}
   size_t SoftMaxHeapSize                          = 4154458112                             {manageable} {ergonomic}
     bool UseCompressedClassPointers               = true                           {product lp64_product} {ergonomic}
     bool UseCompressedOops                        = true                           {product lp64_product} {ergonomic}
     bool UseG1GC                                  = true                                      {product} {ergonomic}
     bool UseLargePagesIndividualAllocation        = false                                  {pd product} {ergonomic}

Logging:
Log output configuration:
 #0: stdout all=warning uptime,level,tags
 #1: stderr all=off uptime,level,tags

Environment Variables:
JAVA_HOME=C:\Program Files\ojdkbuild\java-17-openjdk-17.0.3.0.6-1\
PATH=C:\Program Files\ojdkbuild\java-17-openjdk-17.0.3.0.6-1\bin;C:\WINDOWS\system32;C:\WINDOWS;C:\WINDOWS\System32\Wbem;C:\WINDOWS\System32\WindowsPowerShell\v1.0\;C:\WINDOWS\System32\OpenSSH\;C:\apache-maven-3.9.9\bin;C:\Program Files\ojdkbuild\java-11-openjdk-11.0.15-1\missioncontrol\;C:\Program Files\ojdkbuild\java-11-openjdk-11.0.15-1\bin;C:\Program Files\ojdkbuild\java-17-openjdk-17.0.3.0.6-1\missioncontrol\;C:\Program Files\dotnet\;C:\Users\manish.47.kumar\AppData\Local\Microsoft\WindowsApps;C:\Users\manish.47.kumar\AppData\Local\Programs\Git\cmd
USERNAME=Manish.47.Kumar
OS=Windows_NT
PROCESSOR_IDENTIFIER=Intel64 Family 6 Model 170 Stepping 4, GenuineIntel



---------------  S Y S T E M  ---------------

OS:
 Windows 11 , 64 bit Build 26100 (10.0.26100.3775)
OS uptime: 14 days 1:50 hours
Hyper-V role detected

CPU: total 14 (initial active 14) (7 cores per cpu, 2 threads per core) family 6 model 170 stepping 4 microcode 0x20, cx8, cmov, fxsr, ht, mmx, 3dnowpref, sse, sse2, sse3, ssse3, sse4.1, sse4.2, popcnt, lzcnt, tsc, tscinvbit, avx, avx2, aes, erms, clmul, bmi1, bmi2, adx, sha, fma, vzeroupper, clflush, clflushopt, clwb, hv

Memory: 4k page, system-wide physical 15844M (1121M free)
TotalPageFile size 32328M (AvailPageFile size 2M)
current process WorkingSet (physical memory assigned to process): 117M, peak: 117M
current process commit charge ("private bytes"): 385M, peak: 385M

vm_info: OpenJDK 64-Bit Server VM (17.0.3+6-LTS) for windows-amd64 JRE (17.0.3+6-LTS), built on May  3 2022 21:26:56 by "" with MS VC++ 16.10 / 16.11 (VS2019)

END.
