#
# There is insufficient memory for the Java Runtime Environment to continue.
# Native memory allocation (mmap) failed to map 260046848 bytes for G1 virtual space
# Possible reasons:
#   The system is out of physical RAM or swap space
#   The process is running with CompressedOops enabled, and the Java Heap may be blocking the growth of the native heap
# Possible solutions:
#   Reduce memory load on the system
#   Increase physical memory or swap space
#   Check if swap backing store is full
#   Decrease Java heap size (-Xmx/-Xms)
#   Decrease number of Java threads
#   Decrease Java thread stack sizes (-Xss)
#   Set larger code cache with -XX:ReservedCodeCacheSize=
#   JVM is running with Zero Based Compressed Oops mode in which the Java heap is
#     placed in the first 32GB address space. The Java Heap base address is the
#     maximum limit for the native heap growth. Please use -XX:HeapBaseMinAddress
#     to set the Java Heap base and to place the Java Heap above 32GB virtual address.
# This output file may be truncated or incomplete.
#
#  Out of Memory Error (os_windows.cpp:3535), pid=64532, tid=22816
#
# JRE version:  (17.0.3+6) (build )
# Java VM: OpenJDK 64-Bit Server VM (17.0.3+6-LTS, mixed mode, sharing, tiered, compressed oops, compressed class ptrs, g1 gc, windows-amd64)
# No core dump will be written. Minidumps are not enabled by default on client versions of Windows
#

---------------  S U M M A R Y ------------

Command Line: -Dorg.jetbrains.run.directory=C:\Users\manish.47.kumar\IdeaProjects\BDDCucumberPractice\src\test\java -javaagent:C:\Program Files\JetBrains\IntelliJ IDEA Community Edition 2025.1.1.1\lib\idea_rt.jar=54219 -Dfile.encoding=UTF-8 io.cucumber.core.cli.Main --plugin org.jetbrains.plugins.cucumber.java.run.CucumberJvm5SMFormatter --glue stepdefenitions C:/Users/manish.47.kumar/IdeaProjects/BDDCucumberPractice/src/test/java/Demo.feature

Host: Intel(R) Core(TM) Ultra 7 155U, 14 cores, 15G,  Windows 11 , 64 bit Build 26100 (10.0.26100.3775)
Time: Mon Jul 21 12:02:22 2025 India Standard Time elapsed time: 1.133665 seconds (0d 0h 0m 1s)

---------------  T H R E A D  ---------------

Current thread (0x0000023e151f6a80):  JavaThread "Unknown thread" [_thread_in_vm, id=22816, stack(0x000000bdcd500000,0x000000bdcd600000)]

Stack: [0x000000bdcd500000,0x000000bdcd600000]
Native frames: (J=compiled Java code, j=interpreted, Vv=VM code, C=native code)
V  [jvm.dll+0x67720a]
V  [jvm.dll+0x832514]
V  [jvm.dll+0x833cbe]
V  [jvm.dll+0x834323]
V  [jvm.dll+0x245815]
V  [jvm.dll+0x674129]
V  [jvm.dll+0x668a62]
V  [jvm.dll+0x30469b]
V  [jvm.dll+0x30bba6]
V  [jvm.dll+0x35ba0e]
V  [jvm.dll+0x35bc3f]
V  [jvm.dll+0x2db5a8]
V  [jvm.dll+0x2dc514]
V  [jvm.dll+0x803d51]
V  [jvm.dll+0x369791]
V  [jvm.dll+0x7e30cc]
V  [jvm.dll+0x3ec5ff]
V  [jvm.dll+0x3ee181]
C  [jli.dll+0x527b]
C  [ucrtbase.dll+0x37b0]
C  [KERNEL32.DLL+0x2e8d7]
C  [ntdll.dll+0xb14fc]


---------------  P R O C E S S  ---------------

Threads class SMR info:
_java_thread_list=0x00007ffc4a40de98, length=0, elements={
}

Java Threads: ( => current thread )

Other Threads:
  0x0000023e15262450 GCTaskThread "GC Thread#0" [stack: 0x000000bdcd600000,0x000000bdcd700000] [id=29816]
  0x0000023e15273b30 ConcurrentGCThread "G1 Main Marker" [stack: 0x000000bdcd700000,0x000000bdcd800000] [id=18660]
  0x0000023e15278130 ConcurrentGCThread "G1 Conc#0" [stack: 0x000000bdcd800000,0x000000bdcd900000] [id=65856]

[error occurred during error reporting (printing all threads), id 0xc0000005, EXCEPTION_ACCESS_VIOLATION (0xc0000005) at pc=0x00007ffc49bcbfe7]

VM state: not at safepoint (not fully initialized)

VM Mutex/Monitor currently owned by a thread:  ([mutex/lock_event])
[0x0000023e151f2480] Heap_lock - owner thread: 0x0000023e151f6a80

Heap address: 0x0000000708600000, size: 3962 MB, Compressed Oops mode: Zero based, Oop shift amount: 3

CDS archive(s) mapped at: [0x0000000000000000-0x0000000000000000-0x0000000000000000), size 0, SharedBaseAddress: 0x0000000800000000, ArchiveRelocationMode: 0.
Narrow klass base: 0x0000000000000000, Narrow klass shift: 0, Narrow klass range: 0x0

GC Precious Log:
<Empty>

Heap:
 garbage-first heap   total 0K, used 0K [0x0000000708600000, 0x0000000800000000)
  region size 2048K, 0 young (0K), 0 survivors (0K)

[error occurred during error reporting (printing heap information), id 0xc0000005, EXCEPTION_ACCESS_VIOLATION (0xc0000005) at pc=0x00007ffc49fb0659]

GC Heap History (0 events):
No events

Deoptimization events (0 events):
No events

Classes unloaded (0 events):
No events

Classes redefined (0 events):
No events

Internal exceptions (0 events):
No events

VM Operations (0 events):
No events

Events (1 events):
Event: 0.024 Loaded shared library C:\Program Files\ojdkbuild\java-17-openjdk-17.0.3.0.6-1\bin\java.dll


Dynamic libraries:
0x00007ff647ff0000 - 0x00007ff648011000 	C:\Program Files\ojdkbuild\java-17-openjdk-17.0.3.0.6-1\bin\java.exe
0x00007ffc8b4c0000 - 0x00007ffc8b720000 	C:\WINDOWS\SYSTEM32\ntdll.dll
0x00007ffc8a110000 - 0x00007ffc8a1d7000 	C:\WINDOWS\System32\KERNEL32.DLL
0x00007ffc88930000 - 0x00007ffc88cfa000 	C:\WINDOWS\System32\KERNELBASE.dll
0x00007ffc887e0000 - 0x00007ffc8892b000 	C:\WINDOWS\System32\ucrtbase.dll
0x00007ffc4b3c0000 - 0x00007ffc4b3db000 	C:\Program Files\ojdkbuild\java-17-openjdk-17.0.3.0.6-1\bin\VCRUNTIME140.dll
0x00007ffc4b3e0000 - 0x00007ffc4b3f8000 	C:\Program Files\ojdkbuild\java-17-openjdk-17.0.3.0.6-1\bin\jli.dll
0x00007ffc8b160000 - 0x00007ffc8b32c000 	C:\WINDOWS\System32\USER32.dll
0x00007ffc88fc0000 - 0x00007ffc88fe7000 	C:\WINDOWS\System32\win32u.dll
0x00007ffc5eb00000 - 0x00007ffc5ed97000 	C:\WINDOWS\WinSxS\amd64_microsoft.windows.common-controls_6595b64144ccf1df_6.0.26100.3624_none_3e086962e3345f24\COMCTL32.dll
0x00007ffc8b350000 - 0x00007ffc8b37a000 	C:\WINDOWS\System32\GDI32.dll
0x00007ffc8a8b0000 - 0x00007ffc8a959000 	C:\WINDOWS\System32\msvcrt.dll
0x00007ffc886a0000 - 0x00007ffc887d1000 	C:\WINDOWS\System32\gdi32full.dll
0x00007ffc88e80000 - 0x00007ffc88f23000 	C:\WINDOWS\System32\msvcp_win.dll
0x00007ffc8a1e0000 - 0x00007ffc8a20f000 	C:\WINDOWS\System32\IMM32.DLL
0x0000023e130d0000 - 0x0000023e130e6000 	C:\WINDOWS\System32\umppc19706.dll
0x0000023e148c0000 - 0x0000023e148d3000 	C:\WINDOWS\System32\CsXumd64_19706.dll
0x00007ffc4a7d0000 - 0x00007ffc4a7dc000 	C:\Program Files\ojdkbuild\java-17-openjdk-17.0.3.0.6-1\bin\vcruntime140_1.dll
0x00007ffc4a740000 - 0x00007ffc4a7cd000 	C:\Program Files\ojdkbuild\java-17-openjdk-17.0.3.0.6-1\bin\msvcp140.dll
0x00007ffc498e0000 - 0x00007ffc4a53f000 	C:\Program Files\ojdkbuild\java-17-openjdk-17.0.3.0.6-1\bin\server\jvm.dll
0x00007ffc8b0a0000 - 0x00007ffc8b152000 	C:\WINDOWS\System32\ADVAPI32.dll
0x00007ffc8a630000 - 0x00007ffc8a6d6000 	C:\WINDOWS\System32\sechost.dll
0x00007ffc8a6e0000 - 0x00007ffc8a7f6000 	C:\WINDOWS\System32\RPCRT4.dll
0x00007ffc8b380000 - 0x00007ffc8b388000 	C:\WINDOWS\System32\PSAPI.DLL
0x00007ffc49830000 - 0x00007ffc4983a000 	C:\WINDOWS\SYSTEM32\WSOCK32.dll
0x00007ffc892c0000 - 0x00007ffc89334000 	C:\WINDOWS\System32\WS2_32.dll
0x00007ffc7a260000 - 0x00007ffc7a296000 	C:\WINDOWS\SYSTEM32\WINMM.dll
0x00007ffc86e80000 - 0x00007ffc86e8b000 	C:\WINDOWS\SYSTEM32\VERSION.dll
0x00007ffc87350000 - 0x00007ffc8736a000 	C:\WINDOWS\SYSTEM32\kernel.appcore.dll
0x00007ffc497f0000 - 0x00007ffc497fa000 	C:\Program Files\ojdkbuild\java-17-openjdk-17.0.3.0.6-1\bin\jimage.dll
0x00007ffc85820000 - 0x00007ffc85a61000 	C:\WINDOWS\SYSTEM32\DBGHELP.DLL
0x00007ffc8a2a0000 - 0x00007ffc8a622000 	C:\WINDOWS\System32\combase.dll
0x00007ffc897d0000 - 0x00007ffc898a6000 	C:\WINDOWS\System32\OLEAUT32.dll
0x00007ffc4d270000 - 0x00007ffc4d2a9000 	C:\WINDOWS\SYSTEM32\dbgcore.DLL
0x00007ffc89160000 - 0x00007ffc891f9000 	C:\WINDOWS\System32\bcryptPrimitives.dll
0x00007ffc75440000 - 0x00007ffc7544e000 	C:\Program Files\ojdkbuild\java-17-openjdk-17.0.3.0.6-1\bin\instrument.dll
0x00007ffc49570000 - 0x00007ffc49595000 	C:\Program Files\ojdkbuild\java-17-openjdk-17.0.3.0.6-1\bin\java.dll

dbghelp: loaded successfully - version: 4.0.5 - missing functions: none
symbol engine: initialized successfully - sym options: 0x614 - pdb path: .;C:\Program Files\ojdkbuild\java-17-openjdk-17.0.3.0.6-1\bin;C:\WINDOWS\SYSTEM32;C:\WINDOWS\WinSxS\amd64_microsoft.windows.common-controls_6595b64144ccf1df_6.0.26100.3624_none_3e086962e3345f24;C:\Program Files\ojdkbuild\java-17-openjdk-17.0.3.0.6-1\bin\server

VM Arguments:
jvm_args: -Dorg.jetbrains.run.directory=C:\Users\manish.47.kumar\IdeaProjects\BDDCucumberPractice\src\test\java -javaagent:C:\Program Files\JetBrains\IntelliJ IDEA Community Edition 2025.1.1.1\lib\idea_rt.jar=54219 -Dfile.encoding=UTF-8 
java_command: io.cucumber.core.cli.Main --plugin org.jetbrains.plugins.cucumber.java.run.CucumberJvm5SMFormatter --glue stepdefenitions C:/Users/manish.47.kumar/IdeaProjects/BDDCucumberPractice/src/test/java/Demo.feature
java_class_path (initial): C:\Users\manish.47.kumar\IdeaProjects\BDDCucumberPractice\target\classes;C:\Users\manish.47.kumar\.m2\repository\io\cucumber\cucumber-java\7.26.0\cucumber-java-7.26.0.jar;C:\Users\manish.47.kumar\.m2\repository\io\cucumber\cucumber-core\7.26.0\cucumber-core-7.26.0.jar;C:\Users\manish.47.kumar\.m2\repository\io\cucumber\cucumber-gherkin\7.26.0\cucumber-gherkin-7.26.0.jar;C:\Users\manish.47.kumar\.m2\repository\io\cucumber\cucumber-gherkin-messages\7.26.0\cucumber-gherkin-messages-7.26.0.jar;C:\Users\manish.47.kumar\.m2\repository\io\cucumber\gherkin\33.0.0\gherkin-33.0.0.jar;C:\Users\manish.47.kumar\.m2\repository\io\cucumber\messages\28.0.0\messages-28.0.0.jar;C:\Users\manish.47.kumar\.m2\repository\io\cucumber\pretty-formatter\0.3.0\pretty-formatter-0.3.0.jar;C:\Users\manish.47.kumar\.m2\repository\io\cucumber\query\13.5.0\query-13.5.0.jar;C:\Users\manish.47.kumar\.m2\repository\io\cucumber\testng-xml-formatter\0.4.0\testng-xml-formatter-0.4.0.jar;C:\Users\manish.47.kumar\.m2\repository\io\cucumber\tag-expressions\6.1.2\tag-expressions-6.1.2.jar;C:\Users\manish.47.kumar\.m2\repository\io\cucumber\cucumber-expressions\18.0.1\cucumber-expressions-18.0.1.jar;C:\Users\manish.47.kumar\.m2\repository\io\cucumber\datatable\7.26.0\datatable-7.26.0.jar;C:\Users\manish.47.kumar\.m2\repository\io\cucumber\cucumber-plugin\7.26.0\cucumber-plugin-7.26.0.jar;C:\Users\manish.47.kumar\.m2\repository\io\cucumber\docstring\7.26.0\docstring-7.26.0.jar;C:\Users\manish.47.kumar\.m2\repository\io\cucumber\html-formatter\21.13.0\html-formatter-21.13.0.jar;C:\Users\manish.47.kumar\.m2\repository\io\cucumber\junit-xml-formatter\0.8.0\junit-xml-formatter-0.8.0.jar;C:\Users\manish.47.kumar\.m2\repository\io\cucumber\ci-environment\10.0.1\ci-environment-10.0.1.jar;C:\Users\manish.47.kumar\.m2\repository\org\apiguardian\apiguardian-api\1.1.2\apiguardian-api-1.1.2.jar;C:\Users\manish.47.kumar\.m2\repository\org\seleniumhq\selenium\selenium-java\4.34.0\selenium-java-4
Launcher Type: SUN_STANDARD

[Global flags]
     intx CICompilerCount                          = 4                                         {product} {ergonomic}
     uint ConcGCThreads                            = 3                                         {product} {ergonomic}
     uint G1ConcRefinementThreads                  = 11                                        {product} {ergonomic}
   size_t G1HeapRegionSize                         = 2097152                                   {product} {ergonomic}
    uintx GCDrainStackTargetSize                   = 64                                        {product} {ergonomic}
   size_t InitialHeapSize                          = 260046848                                 {product} {ergonomic}
   size_t MarkStackSize                            = 4194304                                   {product} {ergonomic}
   size_t MaxHeapSize                              = 4154458112                                {product} {ergonomic}
   size_t MinHeapDeltaBytes                        = 2097152                                   {product} {ergonomic}
   size_t MinHeapSize                              = 8388608                                   {product} {ergonomic}
    uintx NonNMethodCodeHeapSize                   = 5839372                                {pd product} {ergonomic}
    uintx NonProfiledCodeHeapSize                  = 122909434                              {pd product} {ergonomic}
    uintx ProfiledCodeHeapSize                     = 122909434                              {pd product} {ergonomic}
    uintx ReservedCodeCacheSize                    = 251658240                              {pd product} {ergonomic}
     bool SegmentedCodeCache                       = true                                      {product} {ergonomic}
   size_t SoftMaxHeapSize                          = 4154458112                             {manageable} {ergonomic}
     bool UseCompressedClassPointers               = true                           {product lp64_product} {ergonomic}
     bool UseCompressedOops                        = true                           {product lp64_product} {ergonomic}
     bool UseG1GC                                  = true                                      {product} {ergonomic}
     bool UseLargePagesIndividualAllocation        = false                                  {pd product} {ergonomic}

Logging:
Log output configuration:
 #0: stdout all=warning uptime,level,tags
 #1: stderr all=off uptime,level,tags

Environment Variables:
JAVA_HOME=C:\Program Files\ojdkbuild\java-17-openjdk-17.0.3.0.6-1\
PATH=C:\Program Files\ojdkbuild\java-17-openjdk-17.0.3.0.6-1\bin;C:\WINDOWS\system32;C:\WINDOWS;C:\WINDOWS\System32\Wbem;C:\WINDOWS\System32\WindowsPowerShell\v1.0\;C:\WINDOWS\System32\OpenSSH\;C:\apache-maven-3.9.9\bin;C:\Program Files\ojdkbuild\java-11-openjdk-11.0.15-1\missioncontrol\;C:\Program Files\ojdkbuild\java-11-openjdk-11.0.15-1\bin;C:\Program Files\ojdkbuild\java-17-openjdk-17.0.3.0.6-1\missioncontrol\;C:\Program Files\dotnet\;C:\Users\manish.47.kumar\AppData\Local\Microsoft\WindowsApps;C:\Users\manish.47.kumar\AppData\Local\Programs\Git\cmd
USERNAME=Manish.47.Kumar
OS=Windows_NT
PROCESSOR_IDENTIFIER=Intel64 Family 6 Model 170 Stepping 4, GenuineIntel



---------------  S Y S T E M  ---------------

OS:
 Windows 11 , 64 bit Build 26100 (10.0.26100.3775)
OS uptime: 14 days 1:57 hours
Hyper-V role detected

CPU: total 14 (initial active 14) (7 cores per cpu, 2 threads per core) family 6 model 170 stepping 4 microcode 0x20, cx8, cmov, fxsr, ht, mmx, 3dnowpref, sse, sse2, sse3, ssse3, sse4.1, sse4.2, popcnt, lzcnt, tsc, tscinvbit, avx, avx2, aes, erms, clmul, bmi1, bmi2, adx, sha, fma, vzeroupper, clflush, clflushopt, clwb, hv

Memory: 4k page, system-wide physical 15844M (853M free)
TotalPageFile size 32328M (AvailPageFile size 52M)
current process WorkingSet (physical memory assigned to process): 12M, peak: 12M
current process commit charge ("private bytes"): 67M, peak: 315M

vm_info: OpenJDK 64-Bit Server VM (17.0.3+6-LTS) for windows-amd64 JRE (17.0.3+6-LTS), built on May  3 2022 21:26:56 by "" with MS VC++ 16.10 / 16.11 (VS2019)

END.
